<?xml version="1.0" encoding="UTF-8" ?>
<testsuite tests="38" failures="0" name="com.testrunner.TestRunner" time="1.186" errors="0" skipped="0">
  <properties>
[...]
</properties>
  <testcase classname="Scenario: Verify login functionality ussing valid username and password" name="When user opens &quot;Chrome&quot; browser" time="0.008"/>
  <testcase classname="Scenario: Verify login functionality ussing valid username and password" name="When user enters &quot;http://www.gcrit.com/build3/admin/login.php&quot; url" time="0"/>
  <testcase classname="Scenario: Verify login functionality ussing valid username and password" name="Then user will be on application login page" time="0"/>
  <testcase classname="Scenario: Verify login functionality ussing valid username and password" name="When user enters &quot;admin&quot; as a username" time="0"/>
  <testcase classname="Scenario: Verify login functionality ussing valid username and password" name="When user enters &quot;admin@123&quot; as a password" time="0"/>
  <testcase classname="Scenario: Verify login functionality ussing valid username and password" name="When user clicks on submit button" time="0"/>
  <testcase classname="Scenario: Verify login functionality ussing valid username and password" name="Then user will be on apllication home page" time="0"/>
  <testcase classname="Scenario: Verify login functionality ussing valid username and password" name="And user clicks on logout link" time="0"/>
  <testcase classname="Scenario: Verify login functionality ussing valid username and password" name="Then user will be on application login page" time="0"/>
  <testcase classname="Scenario: Verify login functionality ussing valid username and password" name="Then close the browser" time="0"/>
  <testcase classname="Scenario: Verify login functionality ussing valid username and password" name="Scenario: Verify login functionality ussing valid username and password" time="0.535"/>
  <testcase classname="| admin | Admin@123 |" name="When user opens &quot;Chrome&quot; browser" time="0"/>
  <testcase classname="| admin | Admin@123 |" name="When user enters &quot;http://www.gcrit.com/build3/admin/login.php&quot; url" time="0"/>
  <testcase classname="| admin | Admin@123 |" name="Then user will be on application login page" time="0"/>
  <testcase classname="| admin | Admin@123 |" name="When user enters &quot;admin&quot; as a username" time="0"/>
  <testcase classname="| admin | Admin@123 |" name="When user enters &quot;Admin@123&quot; as a password" time="0"/>
  <testcase classname="| admin | Admin@123 |" name="When user clicks on submit button" time="0"/>
  <testcase classname="| admin | Admin@123 |" name="Then user should get &quot; Error: Invalid administrator login attempt.&quot; as an error message" time="0"/>
  <testcase classname="| admin | Admin@123 |" name="Then close the browser" time="0"/>
  <testcase classname="| admin | Admin@123 |" name="| admin | Admin@123 |" time="0.232"/>
  <testcase classname="| Admin | admin@123 |" name="When user opens &quot;Chrome&quot; browser" time="0"/>
  <testcase classname="| Admin | admin@123 |" name="When user enters &quot;http://www.gcrit.com/build3/admin/login.php&quot; url" time="0"/>
  <testcase classname="| Admin | admin@123 |" name="Then user will be on application login page" time="0"/>
  <testcase classname="| Admin | admin@123 |" name="When user enters &quot;Admin&quot; as a username" time="0"/>
  <testcase classname="| Admin | admin@123 |" name="When user enters &quot;admin@123&quot; as a password" time="0"/>
  <testcase classname="| Admin | admin@123 |" name="When user clicks on submit button" time="0"/>
  <testcase classname="| Admin | admin@123 |" name="Then user should get &quot; Error: Invalid administrator login attempt.&quot; as an error message" time="0"/>
  <testcase classname="| Admin | admin@123 |" name="Then close the browser" time="0"/>
  <testcase classname="| Admin | admin@123 |" name="| Admin | admin@123 |" time="0.212"/>
  <testcase classname="| Admin | Admin@123 |" name="When user opens &quot;Chrome&quot; browser" time="0"/>
  <testcase classname="| Admin | Admin@123 |" name="When user enters &quot;http://www.gcrit.com/build3/admin/login.php&quot; url" time="0"/>
  <testcase classname="| Admin | Admin@123 |" name="Then user will be on application login page" time="0"/>
  <testcase classname="| Admin | Admin@123 |" name="When user enters &quot;Admin&quot; as a username" time="0"/>
  <testcase classname="| Admin | Admin@123 |" name="When user enters &quot;Admin@123&quot; as a password" time="0"/>
  <testcase classname="| Admin | Admin@123 |" name="When user clicks on submit button" time="0"/>
  <testcase classname="| Admin | Admin@123 |" name="Then user should get &quot; Error: Invalid administrator login attempt.&quot; as an error message" time="0"/>
  <testcase classname="| Admin | Admin@123 |" name="Then close the browser" time="0"/>
  <testcase classname="| Admin | Admin@123 |" name="| Admin | Admin@123 |" time="0.199"/>
</testsuite>